--------------- 2017-12-23 22:57:52 ---------------
File "schedule.wpi" not found, skip running schedule script.
---------------------------------------------------
--------------- 2017-12-23 23:05:29 ---------------
File "schedule.wpi" not found, skip running schedule script.
---------------------------------------------------
--------------- 2017-12-23 23:34:21 ---------------
File "schedule.wpi" not found, skip running schedule script.
---------------------------------------------------
--------------- 2017-12-23 23:43:07 ---------------
File "schedule.wpi" not found, skip running schedule script.
---------------------------------------------------
--------------- 2017-12-24 00:07:12 ---------------
File "schedule.wpi" not found, skip running schedule script.
---------------------------------------------------
--------------- 2017-12-24 00:11:14 ---------------
File "schedule.wpi" not found, skip running schedule script.
---------------------------------------------------
--------------- 2017-12-24 00:34:43 ---------------
Schedule next shutdown at: 2017-12-24 00:36:00
Schedule next startup at:  2017-12-24 00:39:30
---------------------------------------------------
--------------- 2017-12-24 00:36:34 ---------------
File "schedule.wpi" not found, skip running schedule script.
---------------------------------------------------
--------------- 2017-12-24 00:50:54 ---------------
Schedule next shutdown at: 2017-12-24 00:54:00
Schedule next startup at:  2017-12-24 00:59:30
---------------------------------------------------
--------------- 2017-12-24 00:59:44 ---------------
Schedule next shutdown at: 2017-12-24 01:04:00
Schedule next startup at:  2017-12-24 01:09:30
---------------------------------------------------
--------------- 2017-12-24 01:03:55 ---------------
Schedule next shutdown at: 2017-12-24 01:04:00
Schedule next startup at:  2017-12-24 01:29:00
---------------------------------------------------
--------------- 2017-12-24 01:04:28 ---------------
Schedule script is interrupted, revising the schedule...
Schedule next shutdown at: 2017-12-24 01:28:00
Schedule next startup at:  2017-12-24 01:29:00
---------------------------------------------------
--------------- 2017-12-24 01:08:53 ---------------
Schedule next shutdown at: 2017-12-24 01:34:00
Schedule next startup at:  2017-12-24 01:59:00
---------------------------------------------------
--------------- 2017-12-24 01:15:57 ---------------
Schedule next shutdown at: 2017-12-24 01:34:00
Schedule next startup at:  2017-12-24 01:59:00
---------------------------------------------------
--------------- 2017-12-24 09:24:36 ---------------
Schedule next shutdown at: 2017-12-24 09:34:00
Schedule next startup at:  2017-12-24 09:59:00
---------------------------------------------------
--------------- 2017-12-24 10:18:00 ---------------
Schedule next shutdown at: 2017-12-24 10:34:00
Schedule next startup at:  2017-12-24 10:59:00
---------------------------------------------------
--------------- 2017-12-24 11:01:44 ---------------
Schedule next shutdown at: 2017-12-24 11:04:00
Schedule next startup at:  2017-12-24 11:29:00
---------------------------------------------------
--------------- 2017-12-24 11:05:27 ---------------
Schedule script is interrupted, revising the schedule...
Schedule next shutdown at: 2017-12-24 11:28:00
Schedule next startup at:  2017-12-24 11:29:00
---------------------------------------------------
--------------- 2017-12-24 11:17:54 ---------------
Schedule next shutdown at: 2017-12-24 11:19:00
Schedule next startup at:  2017-12-24 12:59:00
---------------------------------------------------
--------------- 2017-12-24 11:31:52 ---------------
Schedule next shutdown at: 2017-12-24 13:19:00
Schedule next startup at:  2017-12-24 14:59:00
---------------------------------------------------
--------------- 2017-12-24 11:32:54 ---------------
Schedule next shutdown at: 2017-12-24 12:19:00
Schedule next startup at:  2017-12-24 12:59:00
---------------------------------------------------
--------------- 2017-12-24 11:35:52 ---------------
Schedule next shutdown at: 2017-12-24 12:19:00
Schedule next startup at:  2017-12-24 12:59:00
---------------------------------------------------
--------------- 2017-12-24 19:51:29 ---------------
Schedule next shutdown at: 2017-12-24 20:19:00
Schedule next startup at:  2017-12-24 20:59:00
---------------------------------------------------
--------------- 2017-12-24 20:59:13 ---------------
Schedule next shutdown at: 2017-12-24 21:19:00
Schedule next startup at:  2017-12-24 21:59:00
---------------------------------------------------
--------------- 2017-12-24 21:59:13 ---------------
Schedule next shutdown at: 2017-12-24 22:19:00
Schedule next startup at:  2017-12-24 22:59:00
---------------------------------------------------
--------------- 2017-12-24 22:59:13 ---------------
Schedule next shutdown at: 2017-12-24 23:19:00
Schedule next startup at:  2017-12-24 23:59:00
---------------------------------------------------
--------------- 2017-12-24 23:59:13 ---------------
Schedule next shutdown at: 2017-12-25 00:19:00
Schedule next startup at:  2017-12-25 00:59:00
---------------------------------------------------
--------------- 2017-12-25 00:59:13 ---------------
Schedule next shutdown at: 2017-12-25 01:19:00
Schedule next startup at:  2017-12-25 01:59:00
---------------------------------------------------
--------------- 2017-12-25 01:59:13 ---------------
Schedule next shutdown at: 2017-12-25 02:19:00
Schedule next startup at:  2017-12-25 02:59:00
---------------------------------------------------
--------------- 2017-12-25 02:59:14 ---------------
Schedule next shutdown at: 2017-12-25 03:19:00
Schedule next startup at:  2017-12-25 03:59:00
---------------------------------------------------
--------------- 2017-12-25 03:59:13 ---------------
Schedule next shutdown at: 2017-12-25 04:19:00
Schedule next startup at:  2017-12-25 04:59:00
---------------------------------------------------
--------------- 2017-12-25 04:59:14 ---------------
Schedule next shutdown at: 2017-12-25 05:19:00
Schedule next startup at:  2017-12-25 05:59:00
---------------------------------------------------
--------------- 2017-12-25 05:59:14 ---------------
Schedule next shutdown at: 2017-12-25 06:19:00
Schedule next startup at:  2017-12-25 06:59:00
---------------------------------------------------
--------------- 2017-12-25 06:59:13 ---------------
Schedule next shutdown at: 2017-12-25 07:19:00
Schedule next startup at:  2017-12-25 07:59:00
---------------------------------------------------
--------------- 2017-12-25 07:59:13 ---------------
Schedule next shutdown at: 2017-12-25 08:19:00
Schedule next startup at:  2017-12-25 08:59:00
---------------------------------------------------
--------------- 2017-12-25 08:59:13 ---------------
Schedule next shutdown at: 2017-12-25 09:19:00
Schedule next startup at:  2017-12-25 09:59:00
---------------------------------------------------
--------------- 2017-12-25 09:59:13 ---------------
Schedule next shutdown at: 2017-12-25 10:19:00
Schedule next startup at:  2017-12-25 10:59:00
---------------------------------------------------
--------------- 2017-12-25 10:59:13 ---------------
Schedule next shutdown at: 2017-12-25 11:19:00
Schedule next startup at:  2017-12-25 11:59:00
---------------------------------------------------
--------------- 2017-12-25 11:59:13 ---------------
Schedule next shutdown at: 2017-12-25 12:19:00
Schedule next startup at:  2017-12-25 12:59:00
---------------------------------------------------
--------------- 2017-12-25 12:59:14 ---------------
Schedule next shutdown at: 2017-12-25 13:19:00
Schedule next startup at:  2017-12-25 13:59:00
---------------------------------------------------
--------------- 2017-12-25 13:59:13 ---------------
Schedule next shutdown at: 2017-12-25 14:19:00
Schedule next startup at:  2017-12-25 14:59:00
---------------------------------------------------
--------------- 2017-12-25 14:59:13 ---------------
Schedule next shutdown at: 2017-12-25 15:19:00
Schedule next startup at:  2017-12-25 15:59:00
---------------------------------------------------
--------------- 2017-12-25 15:59:13 ---------------
Schedule next shutdown at: 2017-12-25 16:19:00
Schedule next startup at:  2017-12-25 16:59:00
---------------------------------------------------
--------------- 2017-12-25 16:59:13 ---------------
Schedule next shutdown at: 2017-12-25 17:19:00
Schedule next startup at:  2017-12-25 17:59:00
---------------------------------------------------
--------------- 2017-12-25 17:59:13 ---------------
Schedule next shutdown at: 2017-12-25 18:19:00
Schedule next startup at:  2017-12-25 18:59:00
---------------------------------------------------
--------------- 2017-12-25 18:59:13 ---------------
Schedule next shutdown at: 2017-12-25 19:19:00
Schedule next startup at:  2017-12-25 19:59:00
---------------------------------------------------
--------------- 2017-12-25 19:59:13 ---------------
Schedule next shutdown at: 2017-12-25 20:19:00
Schedule next startup at:  2017-12-25 20:59:00
---------------------------------------------------
--------------- 2017-12-25 20:59:13 ---------------
Schedule next shutdown at: 2017-12-25 21:19:00
Schedule next startup at:  2017-12-25 21:59:00
---------------------------------------------------
--------------- 2017-12-25 21:59:13 ---------------
Schedule next shutdown at: 2017-12-25 22:19:00
Schedule next startup at:  2017-12-25 22:59:00
---------------------------------------------------
--------------- 2017-12-25 22:59:13 ---------------
Schedule next shutdown at: 2017-12-25 23:19:00
Schedule next startup at:  2017-12-25 23:59:00
---------------------------------------------------
--------------- 2017-12-25 23:59:13 ---------------
Schedule next shutdown at: 2017-12-26 00:19:00
Schedule next startup at:  2017-12-26 00:59:00
---------------------------------------------------
--------------- 2017-12-26 00:59:13 ---------------
Schedule next shutdown at: 2017-12-26 01:19:00
Schedule next startup at:  2017-12-26 01:59:00
---------------------------------------------------
--------------- 2017-12-26 01:59:13 ---------------
Schedule next shutdown at: 2017-12-26 02:19:00
Schedule next startup at:  2017-12-26 02:59:00
---------------------------------------------------
--------------- 2017-12-26 02:59:13 ---------------
Schedule next shutdown at: 2017-12-26 03:19:00
Schedule next startup at:  2017-12-26 03:59:00
---------------------------------------------------
--------------- 2017-12-26 03:59:14 ---------------
Schedule next shutdown at: 2017-12-26 04:19:00
Schedule next startup at:  2017-12-26 04:59:00
---------------------------------------------------
--------------- 2017-12-26 04:59:13 ---------------
Schedule next shutdown at: 2017-12-26 05:19:00
Schedule next startup at:  2017-12-26 05:59:00
---------------------------------------------------
--------------- 2017-12-26 05:59:13 ---------------
Schedule next shutdown at: 2017-12-26 06:19:00
Schedule next startup at:  2017-12-26 06:59:00
---------------------------------------------------
--------------- 2017-12-26 06:59:13 ---------------
Schedule next shutdown at: 2017-12-26 07:19:00
Schedule next startup at:  2017-12-26 07:59:00
---------------------------------------------------
--------------- 2017-12-26 07:59:13 ---------------
Schedule next shutdown at: 2017-12-26 08:19:00
Schedule next startup at:  2017-12-26 08:59:00
---------------------------------------------------
--------------- 2017-12-26 08:59:14 ---------------
Schedule next shutdown at: 2017-12-26 09:19:00
Schedule next startup at:  2017-12-26 09:59:00
---------------------------------------------------
--------------- 2017-12-26 09:59:13 ---------------
Schedule next shutdown at: 2017-12-26 10:19:00
Schedule next startup at:  2017-12-26 10:59:00
---------------------------------------------------
--------------- 2017-12-26 10:59:13 ---------------
Schedule next shutdown at: 2017-12-26 11:19:00
Schedule next startup at:  2017-12-26 11:59:00
---------------------------------------------------
--------------- 2017-12-26 11:59:13 ---------------
Schedule next shutdown at: 2017-12-26 12:19:00
Schedule next startup at:  2017-12-26 12:59:00
---------------------------------------------------
--------------- 2017-12-26 12:59:13 ---------------
Schedule next shutdown at: 2017-12-26 13:19:00
Schedule next startup at:  2017-12-26 13:59:00
---------------------------------------------------
--------------- 2017-12-26 13:59:13 ---------------
Schedule next shutdown at: 2017-12-26 14:19:00
Schedule next startup at:  2017-12-26 14:59:00
---------------------------------------------------
--------------- 2017-12-26 14:59:13 ---------------
Schedule next shutdown at: 2017-12-26 15:19:00
Schedule next startup at:  2017-12-26 15:59:00
---------------------------------------------------
--------------- 2017-12-26 15:59:14 ---------------
Schedule next shutdown at: 2017-12-26 16:19:00
Schedule next startup at:  2017-12-26 16:59:00
---------------------------------------------------
--------------- 2017-12-26 16:59:13 ---------------
Schedule next shutdown at: 2017-12-26 17:19:00
Schedule next startup at:  2017-12-26 17:59:00
---------------------------------------------------
--------------- 2017-12-26 17:59:14 ---------------
Schedule next shutdown at: 2017-12-26 18:19:00
Schedule next startup at:  2017-12-26 18:59:00
---------------------------------------------------
--------------- 2017-12-26 18:59:14 ---------------
Schedule next shutdown at: 2017-12-26 19:19:00
Schedule next startup at:  2017-12-26 19:59:00
---------------------------------------------------
--------------- 2017-12-26 19:59:13 ---------------
Schedule next shutdown at: 2017-12-26 20:19:00
Schedule next startup at:  2017-12-26 20:59:00
---------------------------------------------------
--------------- 2017-12-26 20:59:14 ---------------
Schedule next shutdown at: 2017-12-26 21:19:00
Schedule next startup at:  2017-12-26 21:59:00
---------------------------------------------------
--------------- 2017-12-26 21:59:13 ---------------
Schedule next shutdown at: 2017-12-26 22:19:00
Schedule next startup at:  2017-12-26 22:59:00
---------------------------------------------------
--------------- 2017-12-26 22:59:13 ---------------
Schedule next shutdown at: 2017-12-26 23:19:00
Schedule next startup at:  2017-12-26 23:59:00
---------------------------------------------------
--------------- 2017-12-26 23:59:13 ---------------
Schedule next shutdown at: 2017-12-27 00:19:00
Schedule next startup at:  2017-12-27 00:59:00
---------------------------------------------------
--------------- 2017-12-27 00:59:13 ---------------
Schedule next shutdown at: 2017-12-27 01:19:00
Schedule next startup at:  2017-12-27 01:59:00
---------------------------------------------------
--------------- 2017-12-27 01:59:14 ---------------
Schedule next shutdown at: 2017-12-27 02:19:00
Schedule next startup at:  2017-12-27 02:59:00
---------------------------------------------------
--------------- 2017-12-27 02:59:13 ---------------
Schedule next shutdown at: 2017-12-27 03:19:00
Schedule next startup at:  2017-12-27 03:59:00
---------------------------------------------------
--------------- 2017-12-27 03:59:13 ---------------
Schedule next shutdown at: 2017-12-27 04:19:00
Schedule next startup at:  2017-12-27 04:59:00
---------------------------------------------------
--------------- 2017-12-27 04:59:13 ---------------
Schedule next shutdown at: 2017-12-27 05:19:00
Schedule next startup at:  2017-12-27 05:59:00
---------------------------------------------------
--------------- 2017-12-27 05:59:13 ---------------
Schedule next shutdown at: 2017-12-27 06:19:00
Schedule next startup at:  2017-12-27 06:59:00
---------------------------------------------------
--------------- 2017-12-27 06:59:14 ---------------
Schedule next shutdown at: 2017-12-27 07:19:00
Schedule next startup at:  2017-12-27 07:59:00
---------------------------------------------------
--------------- 2017-12-27 07:59:14 ---------------
Schedule next shutdown at: 2017-12-27 08:19:00
Schedule next startup at:  2017-12-27 08:59:00
---------------------------------------------------
--------------- 2017-12-27 08:59:13 ---------------
Schedule next shutdown at: 2017-12-27 09:19:00
Schedule next startup at:  2017-12-27 09:59:00
---------------------------------------------------
--------------- 2017-12-27 09:59:13 ---------------
Schedule next shutdown at: 2017-12-27 10:19:00
Schedule next startup at:  2017-12-27 10:59:00
---------------------------------------------------
--------------- 2017-12-27 10:59:13 ---------------
Schedule next shutdown at: 2017-12-27 11:19:00
Schedule next startup at:  2017-12-27 11:59:00
---------------------------------------------------
--------------- 2017-12-27 11:59:13 ---------------
Schedule next shutdown at: 2017-12-27 12:19:00
Schedule next startup at:  2017-12-27 12:59:00
---------------------------------------------------
--------------- 2017-12-27 12:59:13 ---------------
Schedule next shutdown at: 2017-12-27 13:19:00
Schedule next startup at:  2017-12-27 13:59:00
---------------------------------------------------
--------------- 2017-12-27 13:59:14 ---------------
Schedule next shutdown at: 2017-12-27 14:19:00
Schedule next startup at:  2017-12-27 14:59:00
---------------------------------------------------
--------------- 2017-12-27 14:59:14 ---------------
Schedule next shutdown at: 2017-12-27 15:19:00
Schedule next startup at:  2017-12-27 15:59:00
---------------------------------------------------
--------------- 2017-12-27 15:59:13 ---------------
Schedule next shutdown at: 2017-12-27 16:19:00
Schedule next startup at:  2017-12-27 16:59:00
---------------------------------------------------
--------------- 2017-12-27 16:59:13 ---------------
Schedule next shutdown at: 2017-12-27 17:19:00
Schedule next startup at:  2017-12-27 17:59:00
---------------------------------------------------
--------------- 2017-12-27 17:59:13 ---------------
Schedule next shutdown at: 2017-12-27 18:19:00
Schedule next startup at:  2017-12-27 18:59:00
---------------------------------------------------
--------------- 2017-12-27 18:59:13 ---------------
Schedule next shutdown at: 2017-12-27 19:19:00
Schedule next startup at:  2017-12-27 19:59:00
---------------------------------------------------
--------------- 2017-12-27 19:59:13 ---------------
Schedule next shutdown at: 2017-12-27 20:19:00
Schedule next startup at:  2017-12-27 20:59:00
---------------------------------------------------
--------------- 2017-12-27 20:59:13 ---------------
Schedule next shutdown at: 2017-12-27 21:19:00
Schedule next startup at:  2017-12-27 21:59:00
---------------------------------------------------
--------------- 2017-12-27 21:59:13 ---------------
Schedule next shutdown at: 2017-12-27 22:19:00
Schedule next startup at:  2017-12-27 22:59:00
---------------------------------------------------
--------------- 2017-12-27 22:59:13 ---------------
Schedule next shutdown at: 2017-12-27 23:19:00
Schedule next startup at:  2017-12-27 23:59:00
---------------------------------------------------
--------------- 2017-12-27 23:59:13 ---------------
Schedule next shutdown at: 2017-12-28 00:19:00
Schedule next startup at:  2017-12-28 00:59:00
---------------------------------------------------
--------------- 2017-12-28 00:59:13 ---------------
Schedule next shutdown at: 2017-12-28 01:19:00
Schedule next startup at:  2017-12-28 01:59:00
---------------------------------------------------
--------------- 2017-12-28 01:59:14 ---------------
Schedule next shutdown at: 2017-12-28 02:19:00
Schedule next startup at:  2017-12-28 02:59:00
---------------------------------------------------
--------------- 2017-12-28 02:59:13 ---------------
Schedule next shutdown at: 2017-12-28 03:19:00
Schedule next startup at:  2017-12-28 03:59:00
---------------------------------------------------
--------------- 2017-12-28 03:59:13 ---------------
Schedule next shutdown at: 2017-12-28 04:19:00
Schedule next startup at:  2017-12-28 04:59:00
---------------------------------------------------
--------------- 2017-12-28 04:59:14 ---------------
Schedule next shutdown at: 2017-12-28 05:19:00
Schedule next startup at:  2017-12-28 05:59:00
---------------------------------------------------
--------------- 2017-12-28 05:59:13 ---------------
Schedule next shutdown at: 2017-12-28 06:19:00
Schedule next startup at:  2017-12-28 06:59:00
---------------------------------------------------
--------------- 2017-12-28 06:59:13 ---------------
Schedule next shutdown at: 2017-12-28 07:19:00
Schedule next startup at:  2017-12-28 07:59:00
---------------------------------------------------
--------------- 2017-12-28 07:59:13 ---------------
Schedule next shutdown at: 2017-12-28 08:19:00
Schedule next startup at:  2017-12-28 08:59:00
---------------------------------------------------
--------------- 2017-12-28 08:59:13 ---------------
Schedule next shutdown at: 2017-12-28 09:19:00
Schedule next startup at:  2017-12-28 09:59:00
---------------------------------------------------
--------------- 2017-12-28 09:59:14 ---------------
Schedule next shutdown at: 2017-12-28 10:19:00
Schedule next startup at:  2017-12-28 10:59:00
---------------------------------------------------
--------------- 2017-12-28 10:59:14 ---------------
Schedule next shutdown at: 2017-12-28 11:19:00
Schedule next startup at:  2017-12-28 11:59:00
---------------------------------------------------
--------------- 2017-12-28 11:59:14 ---------------
Schedule next shutdown at: 2017-12-28 12:19:00
Schedule next startup at:  2017-12-28 12:59:00
---------------------------------------------------
--------------- 2017-12-28 12:59:13 ---------------
Schedule next shutdown at: 2017-12-28 13:19:00
Schedule next startup at:  2017-12-28 13:59:00
---------------------------------------------------
--------------- 2017-12-28 13:59:13 ---------------
Schedule next shutdown at: 2017-12-28 14:19:00
Schedule next startup at:  2017-12-28 14:59:00
---------------------------------------------------
--------------- 2017-12-28 14:59:13 ---------------
Schedule next shutdown at: 2017-12-28 15:19:00
Schedule next startup at:  2017-12-28 15:59:00
---------------------------------------------------
--------------- 2017-12-28 15:59:14 ---------------
Schedule next shutdown at: 2017-12-28 16:19:00
Schedule next startup at:  2017-12-28 16:59:00
---------------------------------------------------
--------------- 2017-12-28 16:59:13 ---------------
Schedule next shutdown at: 2017-12-28 17:19:00
Schedule next startup at:  2017-12-28 17:59:00
---------------------------------------------------
--------------- 2017-12-28 17:59:13 ---------------
Schedule next shutdown at: 2017-12-28 18:19:00
Schedule next startup at:  2017-12-28 18:59:00
---------------------------------------------------
--------------- 2017-12-28 18:59:14 ---------------
Schedule next shutdown at: 2017-12-28 19:19:00
Schedule next startup at:  2017-12-28 19:59:00
---------------------------------------------------
--------------- 2017-12-28 19:59:14 ---------------
Schedule next shutdown at: 2017-12-28 20:19:00
Schedule next startup at:  2017-12-28 20:59:00
---------------------------------------------------
--------------- 2017-12-28 20:59:13 ---------------
Schedule next shutdown at: 2017-12-28 21:19:00
Schedule next startup at:  2017-12-28 21:59:00
---------------------------------------------------
--------------- 2017-12-28 21:59:13 ---------------
Schedule next shutdown at: 2017-12-28 22:19:00
Schedule next startup at:  2017-12-28 22:59:00
---------------------------------------------------
--------------- 2017-12-28 22:59:13 ---------------
Schedule next shutdown at: 2017-12-28 23:19:00
Schedule next startup at:  2017-12-28 23:59:00
---------------------------------------------------
--------------- 2017-12-28 23:59:13 ---------------
Schedule next shutdown at: 2017-12-29 00:19:00
Schedule next startup at:  2017-12-29 00:59:00
---------------------------------------------------
--------------- 2017-12-29 00:59:13 ---------------
Schedule next shutdown at: 2017-12-29 01:19:00
Schedule next startup at:  2017-12-29 01:59:00
---------------------------------------------------
--------------- 2017-12-29 01:59:13 ---------------
Schedule next shutdown at: 2017-12-29 02:19:00
Schedule next startup at:  2017-12-29 02:59:00
---------------------------------------------------
--------------- 2017-12-29 02:59:13 ---------------
Schedule next shutdown at: 2017-12-29 03:19:00
Schedule next startup at:  2017-12-29 03:59:00
---------------------------------------------------
--------------- 2017-12-29 03:59:13 ---------------
Schedule next shutdown at: 2017-12-29 04:19:00
Schedule next startup at:  2017-12-29 04:59:00
---------------------------------------------------
--------------- 2017-12-29 04:59:14 ---------------
Schedule next shutdown at: 2017-12-29 05:19:00
Schedule next startup at:  2017-12-29 05:59:00
---------------------------------------------------
--------------- 2017-12-29 05:59:13 ---------------
Schedule next shutdown at: 2017-12-29 06:19:00
Schedule next startup at:  2017-12-29 06:59:00
---------------------------------------------------
--------------- 2017-12-29 06:59:13 ---------------
Schedule next shutdown at: 2017-12-29 07:19:00
Schedule next startup at:  2017-12-29 07:59:00
---------------------------------------------------
--------------- 2017-12-29 07:59:13 ---------------
Schedule next shutdown at: 2017-12-29 08:19:00
Schedule next startup at:  2017-12-29 08:59:00
---------------------------------------------------
--------------- 2017-12-29 08:59:13 ---------------
Schedule next shutdown at: 2017-12-29 09:19:00
Schedule next startup at:  2017-12-29 09:59:00
---------------------------------------------------
--------------- 2017-12-29 09:59:14 ---------------
Schedule next shutdown at: 2017-12-29 10:19:00
Schedule next startup at:  2017-12-29 10:59:00
---------------------------------------------------
--------------- 2017-12-29 10:59:14 ---------------
Schedule next shutdown at: 2017-12-29 11:19:00
Schedule next startup at:  2017-12-29 11:59:00
---------------------------------------------------
--------------- 2017-12-29 11:59:13 ---------------
Schedule next shutdown at: 2017-12-29 12:19:00
Schedule next startup at:  2017-12-29 12:59:00
---------------------------------------------------
--------------- 2017-12-29 12:59:14 ---------------
Schedule next shutdown at: 2017-12-29 13:19:00
Schedule next startup at:  2017-12-29 13:59:00
---------------------------------------------------
--------------- 2017-12-29 13:59:13 ---------------
Schedule next shutdown at: 2017-12-29 14:19:00
Schedule next startup at:  2017-12-29 14:59:00
---------------------------------------------------
--------------- 2017-12-29 14:59:13 ---------------
Schedule next shutdown at: 2017-12-29 15:19:00
Schedule next startup at:  2017-12-29 15:59:00
---------------------------------------------------
--------------- 2017-12-29 15:59:13 ---------------
Schedule next shutdown at: 2017-12-29 16:19:00
Schedule next startup at:  2017-12-29 16:59:00
---------------------------------------------------
--------------- 2017-12-29 16:59:13 ---------------
Schedule next shutdown at: 2017-12-29 17:19:00
Schedule next startup at:  2017-12-29 17:59:00
---------------------------------------------------
--------------- 2017-12-29 17:59:13 ---------------
Schedule next shutdown at: 2017-12-29 18:19:00
Schedule next startup at:  2017-12-29 18:59:00
---------------------------------------------------
--------------- 2017-12-29 18:59:13 ---------------
Schedule next shutdown at: 2017-12-29 19:19:00
Schedule next startup at:  2017-12-29 19:59:00
---------------------------------------------------
--------------- 2017-12-29 19:59:13 ---------------
Schedule next shutdown at: 2017-12-29 20:19:00
Schedule next startup at:  2017-12-29 20:59:00
---------------------------------------------------
--------------- 2017-12-29 20:59:13 ---------------
Schedule next shutdown at: 2017-12-29 21:19:00
Schedule next startup at:  2017-12-29 21:59:00
---------------------------------------------------
--------------- 2017-12-29 21:59:14 ---------------
Schedule next shutdown at: 2017-12-29 22:19:00
Schedule next startup at:  2017-12-29 22:59:00
---------------------------------------------------
--------------- 2017-12-29 22:59:13 ---------------
Schedule next shutdown at: 2017-12-29 23:19:00
Schedule next startup at:  2017-12-29 23:59:00
---------------------------------------------------
--------------- 2017-12-29 23:59:13 ---------------
Schedule next shutdown at: 2017-12-30 00:19:00
Schedule next startup at:  2017-12-30 00:59:00
---------------------------------------------------
--------------- 2017-12-30 00:59:13 ---------------
Schedule next shutdown at: 2017-12-30 01:19:00
Schedule next startup at:  2017-12-30 01:59:00
---------------------------------------------------
--------------- 2017-12-30 01:59:13 ---------------
Schedule next shutdown at: 2017-12-30 02:19:00
Schedule next startup at:  2017-12-30 02:59:00
---------------------------------------------------
--------------- 2017-12-30 02:59:13 ---------------
Schedule next shutdown at: 2017-12-30 03:19:00
Schedule next startup at:  2017-12-30 03:59:00
---------------------------------------------------
--------------- 2017-12-30 03:59:13 ---------------
Schedule next shutdown at: 2017-12-30 04:19:00
Schedule next startup at:  2017-12-30 04:59:00
---------------------------------------------------
--------------- 2017-12-30 04:59:14 ---------------
Schedule next shutdown at: 2017-12-30 05:19:00
Schedule next startup at:  2017-12-30 05:59:00
---------------------------------------------------
--------------- 2017-12-30 05:59:13 ---------------
Schedule next shutdown at: 2017-12-30 06:19:00
Schedule next startup at:  2017-12-30 06:59:00
---------------------------------------------------
--------------- 2017-12-30 06:59:13 ---------------
Schedule next shutdown at: 2017-12-30 07:19:00
Schedule next startup at:  2017-12-30 07:59:00
---------------------------------------------------
--------------- 2017-12-30 07:59:13 ---------------
Schedule next shutdown at: 2017-12-30 08:19:00
Schedule next startup at:  2017-12-30 08:59:00
---------------------------------------------------
--------------- 2017-12-30 08:59:13 ---------------
Schedule next shutdown at: 2017-12-30 09:19:00
Schedule next startup at:  2017-12-30 09:59:00
---------------------------------------------------
--------------- 2017-12-30 09:59:13 ---------------
Schedule next shutdown at: 2017-12-30 10:19:00
Schedule next startup at:  2017-12-30 10:59:00
---------------------------------------------------
--------------- 2017-12-30 10:59:13 ---------------
Schedule next shutdown at: 2017-12-30 11:19:00
Schedule next startup at:  2017-12-30 11:59:00
---------------------------------------------------
--------------- 2017-12-30 11:59:13 ---------------
Schedule next shutdown at: 2017-12-30 12:19:00
Schedule next startup at:  2017-12-30 12:59:00
---------------------------------------------------
--------------- 2017-12-30 12:59:14 ---------------
Schedule next shutdown at: 2017-12-30 13:19:00
Schedule next startup at:  2017-12-30 13:59:00
---------------------------------------------------
--------------- 2017-12-30 13:59:14 ---------------
Schedule next shutdown at: 2017-12-30 14:19:00
Schedule next startup at:  2017-12-30 14:59:00
---------------------------------------------------
--------------- 2017-12-30 14:59:13 ---------------
Schedule next shutdown at: 2017-12-30 15:19:00
Schedule next startup at:  2017-12-30 15:59:00
---------------------------------------------------
--------------- 2017-12-30 15:59:13 ---------------
Schedule next shutdown at: 2017-12-30 16:19:00
Schedule next startup at:  2017-12-30 16:59:00
---------------------------------------------------
--------------- 2017-12-30 16:59:13 ---------------
Schedule next shutdown at: 2017-12-30 17:19:00
Schedule next startup at:  2017-12-30 17:59:00
---------------------------------------------------
--------------- 2017-12-30 17:59:13 ---------------
Schedule next shutdown at: 2017-12-30 18:19:00
Schedule next startup at:  2017-12-30 18:59:00
---------------------------------------------------
--------------- 2017-12-30 18:59:13 ---------------
Schedule next shutdown at: 2017-12-30 19:19:00
Schedule next startup at:  2017-12-30 19:59:00
---------------------------------------------------
--------------- 2017-12-30 19:59:13 ---------------
Schedule next shutdown at: 2017-12-30 20:19:00
Schedule next startup at:  2017-12-30 20:59:00
---------------------------------------------------
--------------- 2017-12-30 20:59:14 ---------------
Schedule next shutdown at: 2017-12-30 21:19:00
Schedule next startup at:  2017-12-30 21:59:00
---------------------------------------------------
--------------- 2017-12-30 21:59:13 ---------------
Schedule next shutdown at: 2017-12-30 22:19:00
Schedule next startup at:  2017-12-30 22:59:00
---------------------------------------------------
--------------- 2017-12-30 22:59:13 ---------------
Schedule next shutdown at: 2017-12-30 23:19:00
Schedule next startup at:  2017-12-30 23:59:00
---------------------------------------------------
--------------- 2017-12-30 23:59:13 ---------------
Schedule next shutdown at: 2017-12-31 00:19:00
Schedule next startup at:  2017-12-31 00:59:00
---------------------------------------------------
--------------- 2017-12-31 00:59:13 ---------------
Schedule next shutdown at: 2017-12-31 01:19:00
Schedule next startup at:  2017-12-31 01:59:00
---------------------------------------------------
--------------- 2017-12-31 01:59:13 ---------------
Schedule next shutdown at: 2017-12-31 02:19:00
Schedule next startup at:  2017-12-31 02:59:00
---------------------------------------------------
--------------- 2017-12-31 02:59:13 ---------------
Schedule next shutdown at: 2017-12-31 03:19:00
Schedule next startup at:  2017-12-31 03:59:00
---------------------------------------------------
--------------- 2017-12-31 03:59:13 ---------------
Schedule next shutdown at: 2017-12-31 04:19:00
Schedule next startup at:  2017-12-31 04:59:00
---------------------------------------------------
--------------- 2017-12-31 04:59:13 ---------------
Schedule next shutdown at: 2017-12-31 05:19:00
Schedule next startup at:  2017-12-31 05:59:00
---------------------------------------------------
--------------- 2017-12-31 05:59:14 ---------------
Schedule next shutdown at: 2017-12-31 06:19:00
Schedule next startup at:  2017-12-31 06:59:00
---------------------------------------------------
--------------- 2017-12-31 06:59:13 ---------------
Schedule next shutdown at: 2017-12-31 07:19:00
Schedule next startup at:  2017-12-31 07:59:00
---------------------------------------------------
--------------- 2017-12-31 07:59:13 ---------------
Schedule next shutdown at: 2017-12-31 08:19:00
Schedule next startup at:  2017-12-31 08:59:00
---------------------------------------------------
--------------- 2017-12-31 08:59:13 ---------------
Schedule next shutdown at: 2017-12-31 09:19:00
Schedule next startup at:  2017-12-31 09:59:00
---------------------------------------------------
--------------- 2017-12-31 09:59:14 ---------------
Schedule next shutdown at: 2017-12-31 10:19:00
Schedule next startup at:  2017-12-31 10:59:00
---------------------------------------------------
--------------- 2017-12-31 10:59:13 ---------------
Schedule next shutdown at: 2017-12-31 11:19:00
Schedule next startup at:  2017-12-31 11:59:00
---------------------------------------------------
--------------- 2017-12-31 11:59:13 ---------------
Schedule next shutdown at: 2017-12-31 12:19:00
Schedule next startup at:  2017-12-31 12:59:00
---------------------------------------------------
--------------- 2017-12-31 12:59:13 ---------------
Schedule next shutdown at: 2017-12-31 13:19:00
Schedule next startup at:  2017-12-31 13:59:00
---------------------------------------------------
--------------- 2017-12-31 13:59:13 ---------------
Schedule next shutdown at: 2017-12-31 14:19:00
Schedule next startup at:  2017-12-31 14:59:00
---------------------------------------------------
--------------- 2017-12-31 14:59:13 ---------------
Schedule next shutdown at: 2017-12-31 15:19:00
Schedule next startup at:  2017-12-31 15:59:00
---------------------------------------------------
--------------- 2017-12-31 15:59:13 ---------------
Schedule next shutdown at: 2017-12-31 16:19:00
Schedule next startup at:  2017-12-31 16:59:00
---------------------------------------------------
--------------- 2017-12-31 16:59:13 ---------------
Schedule next shutdown at: 2017-12-31 17:19:00
Schedule next startup at:  2017-12-31 17:59:00
---------------------------------------------------
--------------- 2017-12-31 17:59:13 ---------------
Schedule next shutdown at: 2017-12-31 18:19:00
Schedule next startup at:  2017-12-31 18:59:00
---------------------------------------------------
--------------- 2017-12-31 18:59:13 ---------------
Schedule next shutdown at: 2017-12-31 19:19:00
Schedule next startup at:  2017-12-31 19:59:00
---------------------------------------------------
--------------- 2017-12-31 19:59:13 ---------------
Schedule next shutdown at: 2017-12-31 20:19:00
Schedule next startup at:  2017-12-31 20:59:00
---------------------------------------------------
--------------- 2017-12-31 20:59:13 ---------------
Schedule next shutdown at: 2017-12-31 21:19:00
Schedule next startup at:  2017-12-31 21:59:00
---------------------------------------------------
--------------- 2017-12-31 21:59:14 ---------------
Schedule next shutdown at: 2017-12-31 22:19:00
Schedule next startup at:  2017-12-31 22:59:00
---------------------------------------------------
--------------- 2017-12-31 22:59:13 ---------------
Schedule next shutdown at: 2017-12-31 23:19:00
Schedule next startup at:  2017-12-31 23:59:00
---------------------------------------------------
--------------- 2017-12-31 23:59:14 ---------------
Schedule next shutdown at: 2018-01-01 00:19:00
Schedule next startup at:  2018-01-01 00:59:00
---------------------------------------------------
--------------- 2018-01-01 00:59:13 ---------------
Schedule next shutdown at: 2018-01-01 01:19:00
Schedule next startup at:  2018-01-01 01:59:00
---------------------------------------------------
--------------- 2018-01-01 01:59:13 ---------------
Schedule next shutdown at: 2018-01-01 02:19:00
Schedule next startup at:  2018-01-01 02:59:00
---------------------------------------------------
--------------- 2018-01-01 02:59:13 ---------------
Schedule next shutdown at: 2018-01-01 03:19:00
Schedule next startup at:  2018-01-01 03:59:00
---------------------------------------------------
--------------- 2018-01-01 03:59:13 ---------------
Schedule next shutdown at: 2018-01-01 04:19:00
Schedule next startup at:  2018-01-01 04:59:00
---------------------------------------------------
--------------- 2018-01-01 04:59:13 ---------------
Schedule next shutdown at: 2018-01-01 05:19:00
Schedule next startup at:  2018-01-01 05:59:00
---------------------------------------------------
--------------- 2018-01-01 05:59:14 ---------------
Schedule next shutdown at: 2018-01-01 06:19:00
Schedule next startup at:  2018-01-01 06:59:00
---------------------------------------------------
--------------- 2018-01-01 06:59:13 ---------------
Schedule next shutdown at: 2018-01-01 07:19:00
Schedule next startup at:  2018-01-01 07:59:00
---------------------------------------------------
--------------- 2018-01-01 07:59:13 ---------------
Schedule next shutdown at: 2018-01-01 08:19:00
Schedule next startup at:  2018-01-01 08:59:00
---------------------------------------------------
--------------- 2018-01-01 08:59:13 ---------------
Schedule next shutdown at: 2018-01-01 09:19:00
Schedule next startup at:  2018-01-01 09:59:00
---------------------------------------------------
--------------- 2018-01-01 09:59:14 ---------------
Schedule next shutdown at: 2018-01-01 10:19:00
Schedule next startup at:  2018-01-01 10:59:00
---------------------------------------------------
--------------- 2018-01-01 10:59:13 ---------------
Schedule next shutdown at: 2018-01-01 11:19:00
Schedule next startup at:  2018-01-01 11:59:00
---------------------------------------------------
--------------- 2018-01-01 11:59:13 ---------------
Schedule next shutdown at: 2018-01-01 12:19:00
Schedule next startup at:  2018-01-01 12:59:00
---------------------------------------------------
--------------- 2018-01-01 12:59:13 ---------------
Schedule next shutdown at: 2018-01-01 13:19:00
Schedule next startup at:  2018-01-01 13:59:00
---------------------------------------------------
--------------- 2018-01-01 13:59:13 ---------------
Schedule next shutdown at: 2018-01-01 14:19:00
Schedule next startup at:  2018-01-01 14:59:00
---------------------------------------------------
--------------- 2018-01-01 14:59:13 ---------------
Schedule next shutdown at: 2018-01-01 15:19:00
Schedule next startup at:  2018-01-01 15:59:00
---------------------------------------------------
--------------- 2018-01-01 15:59:13 ---------------
Schedule next shutdown at: 2018-01-01 16:19:00
Schedule next startup at:  2018-01-01 16:59:00
---------------------------------------------------
--------------- 2018-01-01 16:59:13 ---------------
Schedule next shutdown at: 2018-01-01 17:19:00
Schedule next startup at:  2018-01-01 17:59:00
---------------------------------------------------
--------------- 2018-01-01 17:59:13 ---------------
Schedule next shutdown at: 2018-01-01 18:19:00
Schedule next startup at:  2018-01-01 18:59:00
---------------------------------------------------
--------------- 2018-01-01 18:59:13 ---------------
Schedule next shutdown at: 2018-01-01 19:19:00
Schedule next startup at:  2018-01-01 19:59:00
---------------------------------------------------
--------------- 2018-01-01 19:59:13 ---------------
Schedule next shutdown at: 2018-01-01 20:19:00
Schedule next startup at:  2018-01-01 20:59:00
---------------------------------------------------
--------------- 2018-01-01 20:59:13 ---------------
Schedule next shutdown at: 2018-01-01 21:19:00
Schedule next startup at:  2018-01-01 21:59:00
---------------------------------------------------
--------------- 2018-01-01 21:59:13 ---------------
Schedule next shutdown at: 2018-01-01 22:19:00
Schedule next startup at:  2018-01-01 22:59:00
---------------------------------------------------
--------------- 2018-01-01 22:59:13 ---------------
Schedule next shutdown at: 2018-01-01 23:19:00
Schedule next startup at:  2018-01-01 23:59:00
---------------------------------------------------
--------------- 2018-01-01 23:59:13 ---------------
Schedule next shutdown at: 2018-01-02 00:19:00
Schedule next startup at:  2018-01-02 00:59:00
---------------------------------------------------
--------------- 2018-01-02 00:59:13 ---------------
Schedule next shutdown at: 2018-01-02 01:19:00
Schedule next startup at:  2018-01-02 01:59:00
---------------------------------------------------
--------------- 2018-01-02 01:59:13 ---------------
Schedule next shutdown at: 2018-01-02 02:19:00
Schedule next startup at:  2018-01-02 02:59:00
---------------------------------------------------
--------------- 2018-01-02 02:59:13 ---------------
Schedule next shutdown at: 2018-01-02 03:19:00
Schedule next startup at:  2018-01-02 03:59:00
---------------------------------------------------
--------------- 2018-01-02 03:59:14 ---------------
Schedule next shutdown at: 2018-01-02 04:19:00
Schedule next startup at:  2018-01-02 04:59:00
---------------------------------------------------
--------------- 2018-01-02 04:59:13 ---------------
Schedule next shutdown at: 2018-01-02 05:19:00
Schedule next startup at:  2018-01-02 05:59:00
---------------------------------------------------
--------------- 2018-01-02 05:59:13 ---------------
Schedule next shutdown at: 2018-01-02 06:19:00
Schedule next startup at:  2018-01-02 06:59:00
---------------------------------------------------
--------------- 2018-01-02 06:59:14 ---------------
Schedule next shutdown at: 2018-01-02 07:19:00
Schedule next startup at:  2018-01-02 07:59:00
---------------------------------------------------
--------------- 2018-01-02 07:59:13 ---------------
Schedule next shutdown at: 2018-01-02 08:19:00
Schedule next startup at:  2018-01-02 08:59:00
---------------------------------------------------
--------------- 2018-01-02 08:59:13 ---------------
Schedule next shutdown at: 2018-01-02 09:19:00
Schedule next startup at:  2018-01-02 09:59:00
---------------------------------------------------
--------------- 2018-01-02 09:59:13 ---------------
Schedule next shutdown at: 2018-01-02 10:19:00
Schedule next startup at:  2018-01-02 10:59:00
---------------------------------------------------
--------------- 2018-01-04 15:38:16 ---------------
Schedule next shutdown at: 2018-01-04 16:19:00
Schedule next startup at:  2018-01-04 16:59:00
---------------------------------------------------
--------------- 2018-01-04 15:38:52 ---------------
Schedule next shutdown at: 2018-01-04 16:19:00
Schedule next startup at:  2018-01-04 16:59:00
---------------------------------------------------
--------------- 2018-01-04 16:41:27 ---------------
Schedule script is interrupted, revising the schedule...
Schedule next shutdown at: 2018-01-04 16:58:00
Schedule next startup at:  2018-01-04 16:59:00
---------------------------------------------------
--------------- 2018-01-04 16:43:54 ---------------
Schedule next shutdown at: 2018-01-04 17:19:00
Schedule next startup at:  2018-01-04 17:59:00
---------------------------------------------------
--------------- 2018-01-04 16:54:48 ---------------
Schedule next shutdown at: 2018-01-04 17:19:00
Schedule next startup at:  2018-01-04 17:59:00
---------------------------------------------------
--------------- 2018-01-04 16:56:13 ---------------
Schedule next shutdown at: 2018-01-04 17:19:00
Schedule next startup at:  2018-01-04 17:59:00
---------------------------------------------------
--------------- 2018-01-04 21:06:15 ---------------
Schedule next shutdown at: 2018-01-04 21:19:00
Schedule next startup at:  2018-01-04 21:59:00
---------------------------------------------------
--------------- 2018-01-04 21:21:10 ---------------
Schedule script is interrupted, revising the schedule...
Schedule next shutdown at: 2018-01-04 21:58:00
Schedule next startup at:  2018-01-04 21:59:00
---------------------------------------------------
--------------- 2018-01-04 21:25:00 ---------------
Schedule next shutdown at: 2018-01-04 22:19:00
Schedule next startup at:  2018-01-04 22:59:00
---------------------------------------------------
--------------- 2018-01-04 21:27:58 ---------------
Schedule next shutdown at: 2018-01-04 22:19:00
Schedule next startup at:  2018-01-04 22:59:00
---------------------------------------------------
--------------- 2018-01-06 08:52:53 ---------------
Schedule next shutdown at: 2018-01-06 09:19:00
Schedule next startup at:  2018-01-06 09:59:00
---------------------------------------------------
--------------- 2018-01-06 08:57:39 ---------------
Schedule next shutdown at: 2018-01-06 09:19:00
Schedule next startup at:  2018-01-06 09:59:00
---------------------------------------------------
--------------- 2018-01-06 09:04:32 ---------------
Schedule next shutdown at: 2018-01-06 09:19:00
Schedule next startup at:  2018-01-06 09:59:00
---------------------------------------------------
--------------- 2018-01-06 09:23:19 ---------------
Schedule script is interrupted, revising the schedule...
Schedule next shutdown at: 2018-01-06 09:58:00
Schedule next startup at:  2018-01-06 09:59:00
---------------------------------------------------
--------------- 2018-01-06 10:08:43 ---------------
Schedule next shutdown at: 2018-01-06 10:19:00
Schedule next startup at:  2018-01-06 10:59:00
---------------------------------------------------
--------------- 2018-01-06 10:41:48 ---------------
Schedule script is interrupted, revising the schedule...
Schedule next shutdown at: 2018-01-06 10:58:00
Schedule next startup at:  2018-01-06 10:59:00
---------------------------------------------------
--------------- 2018-01-06 16:41:38 ---------------
Schedule next shutdown at: 2018-01-06 17:19:00
Schedule next startup at:  2018-01-06 17:59:00
---------------------------------------------------
--------------- 2018-01-06 16:43:50 ---------------
Schedule next shutdown at: 2018-01-06 17:19:00
Schedule next startup at:  2018-01-06 17:59:00
---------------------------------------------------
--------------- 2018-01-06 17:11:50 ---------------
Schedule next shutdown at: 2018-01-06 18:00:00
Schedule next startup at:  2018-01-07 06:00:00
---------------------------------------------------
--------------- 2018-01-06 17:25:16 ---------------
Schedule next shutdown at: 2018-01-06 18:00:00
Schedule next startup at:  2018-01-07 06:00:00
---------------------------------------------------
--------------- 2018-01-06 19:46:27 ---------------
Schedule script is interrupted, revising the schedule...
Schedule next shutdown at: 2018-01-07 05:59:00
Schedule next startup at:  2018-01-07 06:00:00
---------------------------------------------------
--------------- 2018-01-08 18:39:55 ---------------
Schedule next shutdown at: 2018-01-09 18:00:00
Schedule next startup at:  2018-01-10 06:00:00
---------------------------------------------------
